This file contains any messages produced by compilers while
running configure, to aid debugging if configure makes a mistake.

It was created by curl configure -, which was
generated by GNU Autoconf 2.69.  Invocation command line was

  $ ./configure 

## --------- ##
## Platform. ##
## --------- ##

hostname = c749599c994e
uname -m = aarch64
uname -r = 5.15.49-linuxkit
uname -s = Linux
uname -v = #1 SMP PREEMPT Tue Sep 13 07:51:32 UTC 2022

/usr/bin/uname -p = unknown
/bin/uname -X     = unknown

/bin/arch              = aarch64
/usr/bin/arch -k       = unknown
/usr/convex/getsysinfo = unknown
/usr/bin/hostinfo      = unknown
/bin/machine           = unknown
/usr/bin/oslevel       = unknown
/bin/universe          = unknown

PATH: /usr/local/sbin
PATH: /usr/local/bin
PATH: /usr/sbin
PATH: /usr/bin
PATH: /sbin
PATH: /bin
PATH: /root/.composer/vendor/bin


## ----------- ##
## Core tests. ##
## ----------- ##

configure:2983: checking whether to enable maintainer-specific portions of Makefiles
configure:2992: result: no
configure:3007: checking whether to enable debug build options
configure:3026: result: no
configure:3030: checking whether to enable compiler optimizer
configure:3051: result: (assumed) yes
configure:3063: checking whether to enable strict compiler warnings
configure:3082: result: no
configure:3086: checking whether to enable compiler warnings as errors
configure:3105: result: no
configure:3109: checking whether to enable curl debug memory tracking
configure:3128: result: no
configure:3142: checking whether to enable hiding of library internal symbols
configure:3163: result: yes
configure:3174: checking whether to enable c-ares for DNS lookups
configure:3196: result: no
configure:3218: checking for path separator
configure:3220: result: :
configure:3246: checking for sed
configure:3265: found /bin/sed
configure:3278: result: /bin/sed
configure:3295: checking for grep
configure:3314: found /bin/grep
configure:3327: result: /bin/grep
configure:3343: checking for egrep
configure:3346: result: /bin/grep -E
configure:3446: checking for ar
configure:3480: result: no
configure:3500: error: ar not found in PATH. Cannot continue without ar.

## ---------------- ##
## Cache variables. ##
## ---------------- ##

ac_cv_env_CC_set=''
ac_cv_env_CC_value=''
ac_cv_env_CFLAGS_set=''
ac_cv_env_CFLAGS_value=''
ac_cv_env_CPPFLAGS_set=''
ac_cv_env_CPPFLAGS_value=''
ac_cv_env_CPP_set=''
ac_cv_env_CPP_value=''
ac_cv_env_LDFLAGS_set=''
ac_cv_env_LDFLAGS_value=''
ac_cv_env_LIBS_set=''
ac_cv_env_LIBS_value=''
ac_cv_env_build_alias_set=''
ac_cv_env_build_alias_value=''
ac_cv_env_host_alias_set=''
ac_cv_env_host_alias_value=''
ac_cv_env_target_alias_set=''
ac_cv_env_target_alias_value=''
ac_cv_path_GREP='/bin/grep'
ac_cv_path_SED='/bin/sed'

## ----------------- ##
## Output variables. ##
## ----------------- ##

ACLOCAL=''
AMDEPBACKSLASH=''
AMDEP_FALSE=''
AMDEP_TRUE=''
AMTAR=''
AM_BACKSLASH=''
AM_DEFAULT_V=''
AM_DEFAULT_VERBOSITY=''
AM_V=''
AR='not_found'
AS=''
AUTOCONF=''
AUTOHEADER=''
AUTOMAKE=''
AWK=''
BLANK_AT_MAKETIME=''
BUILD_LIBHOSTNAME_FALSE=''
BUILD_LIBHOSTNAME_TRUE=''
BUILD_UNITTESTS_FALSE=''
BUILD_UNITTESTS_TRUE=''
CC=''
CCDEPMODE=''
CFLAGS=''
CFLAG_CURL_SYMBOL_HIDING=''
CONFIGURE_OPTIONS='""'
CPP=''
CPPFLAGS=''
CPPFLAG_CURL_STATICLIB=''
CROSSCOMPILING_FALSE=''
CROSSCOMPILING_TRUE=''
CURLDEBUG_FALSE=''
CURLDEBUG_TRUE=''
CURLVERSION=''
CURL_CA_BUNDLE=''
CURL_CFLAG_EXTRAS=''
CURL_DISABLE_DICT=''
CURL_DISABLE_FILE=''
CURL_DISABLE_FTP=''
CURL_DISABLE_GOPHER=''
CURL_DISABLE_HTTP=''
CURL_DISABLE_IMAP=''
CURL_DISABLE_LDAP=''
CURL_DISABLE_LDAPS=''
CURL_DISABLE_POP3=''
CURL_DISABLE_PROXY=''
CURL_DISABLE_RTSP=''
CURL_DISABLE_SMTP=''
CURL_DISABLE_TELNET=''
CURL_DISABLE_TFTP=''
CURL_LT_SHLIB_USE_MIMPURE_TEXT_FALSE=''
CURL_LT_SHLIB_USE_MIMPURE_TEXT_TRUE=''
CURL_LT_SHLIB_USE_NO_UNDEFINED_FALSE=''
CURL_LT_SHLIB_USE_NO_UNDEFINED_TRUE=''
CURL_LT_SHLIB_USE_VERSIONED_SYMBOLS_FALSE=''
CURL_LT_SHLIB_USE_VERSIONED_SYMBOLS_TRUE=''
CURL_LT_SHLIB_USE_VERSION_INFO_FALSE=''
CURL_LT_SHLIB_USE_VERSION_INFO_TRUE=''
CURL_LT_SHLIB_VERSIONED_FLAVOUR=''
CURL_NETWORK_AND_TIME_LIBS=''
CURL_NETWORK_LIBS=''
CYGPATH_W=''
DEFS=''
DEPDIR=''
DLLTOOL=''
DOING_CURL_SYMBOL_HIDING_FALSE=''
DOING_CURL_SYMBOL_HIDING_TRUE=''
DOING_NATIVE_WINDOWS_FALSE=''
DOING_NATIVE_WINDOWS_TRUE=''
DSYMUTIL=''
DUMPBIN=''
ECHO_C=''
ECHO_N='-n'
ECHO_T=''
EGREP='/bin/grep -E'
ENABLE_SHARED=''
ENABLE_STATIC=''
EXEEXT=''
FGREP=''
GREP='/bin/grep'
HAVE_GNUTLS_SRP=''
HAVE_LDAP_SSL=''
HAVE_LIBZ=''
HAVE_LIBZ_FALSE=''
HAVE_LIBZ_TRUE=''
HAVE_SSLEAY_SRP=''
IDN_ENABLED=''
INSTALL_DATA=''
INSTALL_PROGRAM=''
INSTALL_SCRIPT=''
INSTALL_STRIP_PROGRAM=''
IPV6_ENABLED=''
LD=''
LDFLAGS=''
LIBCURL_LIBS=''
LIBMETALINK_CPPFLAGS=''
LIBMETALINK_LDFLAGS=''
LIBMETALINK_LIBS=''
LIBOBJS=''
LIBS=''
LIBTOOL=''
LIPO=''
LN_S=''
LTLIBOBJS=''
MAINT='#'
MAINTAINER_MODE_FALSE=''
MAINTAINER_MODE_TRUE='#'
MAKEINFO=''
MANIFEST_TOOL=''
MANOPT=''
MKDIR_P=''
NM=''
NMEDIT=''
NROFF=''
OBJDUMP=''
OBJEXT=''
OTOOL64=''
OTOOL=''
PACKAGE=''
PACKAGE_BUGREPORT='a suitable curl mailing list: http://curl.haxx.se/mail/'
PACKAGE_NAME='curl'
PACKAGE_STRING='curl -'
PACKAGE_TARNAME='curl'
PACKAGE_URL=''
PACKAGE_VERSION='-'
PATH_SEPARATOR=':'
PERL=''
PKGADD_NAME=''
PKGADD_PKG=''
PKGADD_VENDOR=''
PKGCONFIG=''
RANDOM_FILE=''
RANLIB=''
REQUIRE_LIB_DEPS=''
SED='/bin/sed'
SET_MAKE=''
SHELL='/bin/sh'
SONAME_BUMP_FALSE=''
SONAME_BUMP_TRUE=''
SSL_ENABLED=''
STRIP=''
SUPPORT_FEATURES=''
SUPPORT_PROTOCOLS=''
USE_ARES=''
USE_AXTLS=''
USE_CPPFLAG_CURL_STATICLIB_FALSE=''
USE_CPPFLAG_CURL_STATICLIB_TRUE=''
USE_CYASSL=''
USE_DARWINSSL=''
USE_EMBEDDED_ARES_FALSE=''
USE_EMBEDDED_ARES_TRUE=''
USE_EXPLICIT_LIB_DEPS_FALSE=''
USE_EXPLICIT_LIB_DEPS_TRUE=''
USE_GNUTLS=''
USE_GNUTLS_NETTLE=''
USE_LIBRTMP=''
USE_LIBSSH2=''
USE_MANUAL_FALSE=''
USE_MANUAL_TRUE=''
USE_NGHTTP2=''
USE_NSS=''
USE_OPENLDAP=''
USE_POLARSSL=''
USE_SCHANNEL=''
USE_SSLEAY=''
USE_WINDOWS_SSPI=''
VERSION=''
VERSIONNUM=''
ZLIB_LIBS=''
ac_ct_AR=''
ac_ct_CC=''
ac_ct_DUMPBIN=''
am__EXEEXT_FALSE=''
am__EXEEXT_TRUE=''
am__fastdepCC_FALSE=''
am__fastdepCC_TRUE=''
am__include=''
am__isrc=''
am__leading_dot=''
am__nodep=''
am__quote=''
am__tar=''
am__untar=''
bindir='${exec_prefix}/bin'
build=''
build_alias=''
build_cpu=''
build_os=''
build_vendor=''
datadir='${datarootdir}'
datarootdir='${prefix}/share'
docdir='${datarootdir}/doc/${PACKAGE_TARNAME}'
dvidir='${docdir}'
exec_prefix='NONE'
host=''
host_alias=''
host_cpu=''
host_os=''
host_vendor=''
htmldir='${docdir}'
includedir='${prefix}/include'
infodir='${datarootdir}/info'
install_sh=''
libdir='${exec_prefix}/lib'
libexecdir='${exec_prefix}/libexec'
libext=''
localedir='${datarootdir}/locale'
localstatedir='${prefix}/var'
mandir='${datarootdir}/man'
mkdir_p=''
oldincludedir='/usr/include'
pdfdir='${docdir}'
prefix='NONE'
program_transform_name='s,x,x,'
psdir='${docdir}'
sbindir='${exec_prefix}/sbin'
sharedstatedir='${prefix}/com'
subdirs=''
sysconfdir='${prefix}/etc'
target_alias=''

## ----------- ##
## confdefs.h. ##
## ----------- ##

/* confdefs.h */
#define PACKAGE_NAME "curl"
#define PACKAGE_TARNAME "curl"
#define PACKAGE_VERSION "-"
#define PACKAGE_STRING "curl -"
#define PACKAGE_BUGREPORT "a suitable curl mailing list: http://curl.haxx.se/mail/"
#define PACKAGE_URL ""

configure: exit 1
